<?xml version="1.0" encoding="UTF-8"?>
<!-- Generated by org.testng.reporters.JUnitReportReporter -->
<testsuite hostname="DESKTOP-O5H2RCL" name="com.qa.testPages.HomeTestPage" tests="2" failures="0" timestamp="9 Jul 2019 07:16:33 GMT" time="4.690" errors="0">
  <testcase name="testDeliverTo" time="3.542" classname="com.qa.testPages.HomeTestPage"/>
  <testcase name="verifyHomePageTitleTest" time="1.148" classname="com.qa.testPages.HomeTestPage"/>
</testsuite> <!-- com.qa.testPages.HomeTestPage -->
