<?xml version="1.0" encoding="UTF-8"?>
<!-- Generated by org.testng.reporters.JUnitReportReporter -->
<testsuite hostname="DESKTOP-O5H2RCL" name="com.qa.testPages.HomeTestPage" tests="2" failures="0" timestamp="2 Jul 2019 17:42:10 GMT" time="7.427" errors="0">
  <testcase name="verifyHomePageTitleTest" time="0.235" classname="com.qa.testPages.HomeTestPage"/>
  <testcase name="testDeliverTo" time="7.192" classname="com.qa.testPages.HomeTestPage"/>
</testsuite> <!-- com.qa.testPages.HomeTestPage -->
